=\pretest.json 
{
  _: [],
  f: [
    'e:\\Research\\VLabs\\Actual\\exp-branch-prediction-onetwobit-iiith\\experiment\\pretest.json'
  ],
  files: [
    'e:\\Research\\VLabs\\Actual\\exp-branch-prediction-onetwobit-iiith\\experiment\\pretest.json'
  ],
  c: 'assessment',
  contentTypes: 'assessment',
  'content-types': 'assessment',
  '$0': 'validate'
}
Validated true
=\posttest.json 
{
  _: [],
  f: [
    'e:\\Research\\VLabs\\Actual\\exp-branch-prediction-onetwobit-iiith\\experiment\\posttest.json'
  ],
  files: [
    'e:\\Research\\VLabs\\Actual\\exp-branch-prediction-onetwobit-iiith\\experiment\\posttest.json'
  ],
  c: 'assessment',
  contentTypes: 'assessment',
  'content-types': 'assessment',
  '$0': 'validate'
}
Validated true
